Analysis & Synthesis report for P9
Fri Jun  7 15:17:07 2024
Quartus Prime Version 23.1std.0 Build 991 11/28/2023 SC Lite Edition


---------------------
; Table of Contents ;
---------------------
  1. Legal Notice
  2. Analysis & Synthesis Summary
  3. Analysis & Synthesis Settings
  4. Parallel Compilation
  5. Analysis & Synthesis Source Files Read
  6. Analysis & Synthesis Resource Usage Summary
  7. Analysis & Synthesis Resource Utilization by Entity
  8. Analysis & Synthesis RAM Summary
  9. Registers Removed During Synthesis
 10. General Register Statistics
 11. Inverted Register Statistics
 12. Registers Packed Into Inferred Megafunctions
 13. Source assignments for altsyncram:Mux6_rtl_0|altsyncram_8fu:auto_generated
 14. Parameter Settings for Inferred Entity Instance: altsyncram:Mux6_rtl_0
 15. altsyncram Parameter Settings by Entity Instance
 16. Post-Synthesis Netlist Statistics for Top Partition
 17. Elapsed Time Per Partition
 18. Analysis & Synthesis Messages



----------------
; Legal Notice ;
----------------
Copyright (C) 2023  Intel Corporation. All rights reserved.
Your use of Intel Corporation's design tools, logic functions 
and other software and tools, and any partner logic 
functions, and any output files from any of the foregoing 
(including device programming or simulation files), and any 
associated documentation or information are expressly subject 
to the terms and conditions of the Intel Program License 
Subscription Agreement, the Intel Quartus Prime License Agreement,
the Intel FPGA IP License Agreement, or other applicable license
agreement, including, without limitation, that your use is for
the sole purpose of programming logic devices manufactured by
Intel and sold by Intel or its authorized distributors.  Please
refer to the applicable agreement for further details, at
https://fpgasoftware.intel.com/eula.



+-------------------------------------------------------------------------------------+
; Analysis & Synthesis Summary                                                        ;
+------------------------------------+------------------------------------------------+
; Analysis & Synthesis Status        ; Successful - Fri Jun  7 15:17:07 2024          ;
; Quartus Prime Version              ; 23.1std.0 Build 991 11/28/2023 SC Lite Edition ;
; Revision Name                      ; P9                                             ;
; Top-level Entity Name              ; P9                                             ;
; Family                             ; Cyclone IV E                                   ;
; Total logic elements               ; 59                                             ;
;     Total combinational functions  ; 56                                             ;
;     Dedicated logic registers      ; 46                                             ;
; Total registers                    ; 46                                             ;
; Total pins                         ; 22                                             ;
; Total virtual pins                 ; 0                                              ;
; Total memory bits                  ; 1,792                                          ;
; Embedded Multiplier 9-bit elements ; 0                                              ;
; Total PLLs                         ; 0                                              ;
+------------------------------------+------------------------------------------------+


+------------------------------------------------------------------------------------------------------------+
; Analysis & Synthesis Settings                                                                              ;
+------------------------------------------------------------------+--------------------+--------------------+
; Option                                                           ; Setting            ; Default Value      ;
+------------------------------------------------------------------+--------------------+--------------------+
; Device                                                           ; EP4CE6E22C8        ;                    ;
; Top-level entity name                                            ; P9                 ; P9                 ;
; Family name                                                      ; Cyclone IV E       ; Cyclone V          ;
; Use smart compilation                                            ; Off                ; Off                ;
; Enable parallel Assembler and Timing Analyzer during compilation ; On                 ; On                 ;
; Enable compact report table                                      ; Off                ; Off                ;
; Restructure Multiplexers                                         ; Auto               ; Auto               ;
; Create Debugging Nodes for IP Cores                              ; Off                ; Off                ;
; Preserve fewer node names                                        ; On                 ; On                 ;
; Intel FPGA IP Evaluation Mode                                    ; Enable             ; Enable             ;
; Verilog Version                                                  ; Verilog_2001       ; Verilog_2001       ;
; VHDL Version                                                     ; VHDL_1993          ; VHDL_1993          ;
; State Machine Processing                                         ; Auto               ; Auto               ;
; Safe State Machine                                               ; Off                ; Off                ;
; Extract Verilog State Machines                                   ; On                 ; On                 ;
; Extract VHDL State Machines                                      ; On                 ; On                 ;
; Ignore Verilog initial constructs                                ; Off                ; Off                ;
; Iteration limit for constant Verilog loops                       ; 5000               ; 5000               ;
; Iteration limit for non-constant Verilog loops                   ; 250                ; 250                ;
; Add Pass-Through Logic to Inferred RAMs                          ; On                 ; On                 ;
; Infer RAMs from Raw Logic                                        ; On                 ; On                 ;
; Parallel Synthesis                                               ; On                 ; On                 ;
; DSP Block Balancing                                              ; Auto               ; Auto               ;
; NOT Gate Push-Back                                               ; On                 ; On                 ;
; Power-Up Don't Care                                              ; On                 ; On                 ;
; Remove Redundant Logic Cells                                     ; Off                ; Off                ;
; Remove Duplicate Registers                                       ; On                 ; On                 ;
; Ignore CARRY Buffers                                             ; Off                ; Off                ;
; Ignore CASCADE Buffers                                           ; Off                ; Off                ;
; Ignore GLOBAL Buffers                                            ; Off                ; Off                ;
; Ignore ROW GLOBAL Buffers                                        ; Off                ; Off                ;
; Ignore LCELL Buffers                                             ; Off                ; Off                ;
; Ignore SOFT Buffers                                              ; On                 ; On                 ;
; Limit AHDL Integers to 32 Bits                                   ; Off                ; Off                ;
; Optimization Technique                                           ; Balanced           ; Balanced           ;
; Carry Chain Length                                               ; 70                 ; 70                 ;
; Auto Carry Chains                                                ; On                 ; On                 ;
; Auto Open-Drain Pins                                             ; On                 ; On                 ;
; Perform WYSIWYG Primitive Resynthesis                            ; Off                ; Off                ;
; Auto ROM Replacement                                             ; On                 ; On                 ;
; Auto RAM Replacement                                             ; On                 ; On                 ;
; Auto DSP Block Replacement                                       ; On                 ; On                 ;
; Auto Shift Register Replacement                                  ; Auto               ; Auto               ;
; Allow Shift Register Merging across Hierarchies                  ; Auto               ; Auto               ;
; Auto Clock Enable Replacement                                    ; On                 ; On                 ;
; Strict RAM Replacement                                           ; Off                ; Off                ;
; Allow Synchronous Control Signals                                ; On                 ; On                 ;
; Force Use of Synchronous Clear Signals                           ; Off                ; Off                ;
; Auto RAM Block Balancing                                         ; On                 ; On                 ;
; Auto RAM to Logic Cell Conversion                                ; Off                ; Off                ;
; Auto Resource Sharing                                            ; Off                ; Off                ;
; Allow Any RAM Size For Recognition                               ; Off                ; Off                ;
; Allow Any ROM Size For Recognition                               ; Off                ; Off                ;
; Allow Any Shift Register Size For Recognition                    ; Off                ; Off                ;
; Use LogicLock Constraints during Resource Balancing              ; On                 ; On                 ;
; Ignore translate_off and synthesis_off directives                ; Off                ; Off                ;
; Timing-Driven Synthesis                                          ; On                 ; On                 ;
; Report Parameter Settings                                        ; On                 ; On                 ;
; Report Source Assignments                                        ; On                 ; On                 ;
; Report Connectivity Checks                                       ; On                 ; On                 ;
; Ignore Maximum Fan-Out Assignments                               ; Off                ; Off                ;
; Synchronization Register Chain Length                            ; 2                  ; 2                  ;
; Power Optimization During Synthesis                              ; Normal compilation ; Normal compilation ;
; HDL message level                                                ; Level2             ; Level2             ;
; Suppress Register Optimization Related Messages                  ; Off                ; Off                ;
; Number of Removed Registers Reported in Synthesis Report         ; 5000               ; 5000               ;
; Number of Swept Nodes Reported in Synthesis Report               ; 5000               ; 5000               ;
; Number of Inverted Registers Reported in Synthesis Report        ; 100                ; 100                ;
; Clock MUX Protection                                             ; On                 ; On                 ;
; Auto Gated Clock Conversion                                      ; Off                ; Off                ;
; Block Design Naming                                              ; Auto               ; Auto               ;
; SDC constraint protection                                        ; Off                ; Off                ;
; Synthesis Effort                                                 ; Auto               ; Auto               ;
; Shift Register Replacement - Allow Asynchronous Clear Signal     ; On                 ; On                 ;
; Pre-Mapping Resynthesis Optimization                             ; Off                ; Off                ;
; Analysis & Synthesis Message Level                               ; Medium             ; Medium             ;
; Disable Register Merging Across Hierarchies                      ; Auto               ; Auto               ;
; Resource Aware Inference For Block RAM                           ; On                 ; On                 ;
+------------------------------------------------------------------+--------------------+--------------------+


+------------------------------------------+
; Parallel Compilation                     ;
+----------------------------+-------------+
; Processors                 ; Number      ;
+----------------------------+-------------+
; Number detected on machine ; 8           ;
; Maximum allowed            ; 4           ;
;                            ;             ;
; Average used               ; 1.00        ;
; Maximum used               ; 4           ;
;                            ;             ;
; Usage by Processor         ; % Time Used ;
;     Processor 1            ; 100.0%      ;
;     Processors 2-4         ;   0.0%      ;
+----------------------------+-------------+


+-------------------------------------------------------------------------------------------------------------------------------------------------------------------------------+
; Analysis & Synthesis Source Files Read                                                                                                                                        ;
+----------------------------------+-----------------+------------------------------+---------------------------------------------------------------------------------+---------+
; File Name with User-Entered Path ; Used in Netlist ; File Type                    ; File Name with Absolute Path                                                    ; Library ;
+----------------------------------+-----------------+------------------------------+---------------------------------------------------------------------------------+---------+
; P9.vhd                           ; yes             ; User VHDL File               ; C:/Users/erikm/OneDrive/Escritorio/DSD/P9/P9.vhd                                ;         ;
; altsyncram.tdf                   ; yes             ; Megafunction                 ; c:/intelfpga_lite/23.1std/quartus/libraries/megafunctions/altsyncram.tdf        ;         ;
; stratix_ram_block.inc            ; yes             ; Megafunction                 ; c:/intelfpga_lite/23.1std/quartus/libraries/megafunctions/stratix_ram_block.inc ;         ;
; lpm_mux.inc                      ; yes             ; Megafunction                 ; c:/intelfpga_lite/23.1std/quartus/libraries/megafunctions/lpm_mux.inc           ;         ;
; lpm_decode.inc                   ; yes             ; Megafunction                 ; c:/intelfpga_lite/23.1std/quartus/libraries/megafunctions/lpm_decode.inc        ;         ;
; aglobal231.inc                   ; yes             ; Megafunction                 ; c:/intelfpga_lite/23.1std/quartus/libraries/megafunctions/aglobal231.inc        ;         ;
; a_rdenreg.inc                    ; yes             ; Megafunction                 ; c:/intelfpga_lite/23.1std/quartus/libraries/megafunctions/a_rdenreg.inc         ;         ;
; altrom.inc                       ; yes             ; Megafunction                 ; c:/intelfpga_lite/23.1std/quartus/libraries/megafunctions/altrom.inc            ;         ;
; altram.inc                       ; yes             ; Megafunction                 ; c:/intelfpga_lite/23.1std/quartus/libraries/megafunctions/altram.inc            ;         ;
; altdpram.inc                     ; yes             ; Megafunction                 ; c:/intelfpga_lite/23.1std/quartus/libraries/megafunctions/altdpram.inc          ;         ;
; db/altsyncram_8fu.tdf            ; yes             ; Auto-Generated Megafunction  ; C:/Users/erikm/OneDrive/Escritorio/DSD/P9/db/altsyncram_8fu.tdf                 ;         ;
+----------------------------------+-----------------+------------------------------+---------------------------------------------------------------------------------+---------+


+-----------------------------------------------------------+
; Analysis & Synthesis Resource Usage Summary               ;
+---------------------------------------------+-------------+
; Resource                                    ; Usage       ;
+---------------------------------------------+-------------+
; Estimated Total logic elements              ; 59          ;
;                                             ;             ;
; Total combinational functions               ; 56          ;
; Logic element usage by number of LUT inputs ;             ;
;     -- 4 input functions                    ; 16          ;
;     -- 3 input functions                    ; 3           ;
;     -- <=2 input functions                  ; 37          ;
;                                             ;             ;
; Logic elements by mode                      ;             ;
;     -- normal mode                          ; 25          ;
;     -- arithmetic mode                      ; 31          ;
;                                             ;             ;
; Total registers                             ; 46          ;
;     -- Dedicated logic registers            ; 46          ;
;     -- I/O registers                        ; 0           ;
;                                             ;             ;
; I/O pins                                    ; 22          ;
; Total memory bits                           ; 1792        ;
;                                             ;             ;
; Embedded Multiplier 9-bit elements          ; 0           ;
;                                             ;             ;
; Maximum fan-out node                        ; reloj~input ;
; Maximum fan-out                             ; 33          ;
; Total fan-out                               ; 377         ;
; Average fan-out                             ; 2.28        ;
+---------------------------------------------+-------------+


+------------------------------------------------------------------------------------------------------------------------------------------------------------------------------------------------------------------------------------------------------------+
; Analysis & Synthesis Resource Utilization by Entity                                                                                                                                                                                                        ;
+---------------------------------------+---------------------+---------------------------+-------------+--------------+---------+-----------+------+--------------+---------------------------------------------------------+----------------+--------------+
; Compilation Hierarchy Node            ; Combinational ALUTs ; Dedicated Logic Registers ; Memory Bits ; DSP Elements ; DSP 9x9 ; DSP 18x18 ; Pins ; Virtual Pins ; Full Hierarchy Name                                     ; Entity Name    ; Library Name ;
+---------------------------------------+---------------------+---------------------------+-------------+--------------+---------+-----------+------+--------------+---------------------------------------------------------+----------------+--------------+
; |P9                                   ; 56 (56)             ; 46 (46)                   ; 1792        ; 0            ; 0       ; 0         ; 22   ; 0            ; |P9                                                     ; P9             ; work         ;
;    |altsyncram:Mux6_rtl_0|            ; 0 (0)               ; 0 (0)                     ; 1792        ; 0            ; 0       ; 0         ; 0    ; 0            ; |P9|altsyncram:Mux6_rtl_0                               ; altsyncram     ; work         ;
;       |altsyncram_8fu:auto_generated| ; 0 (0)               ; 0 (0)                     ; 1792        ; 0            ; 0       ; 0         ; 0    ; 0            ; |P9|altsyncram:Mux6_rtl_0|altsyncram_8fu:auto_generated ; altsyncram_8fu ; work         ;
+---------------------------------------+---------------------+---------------------------+-------------+--------------+---------+-----------+------+--------------+---------------------------------------------------------+----------------+--------------+
Note: For table entries with two numbers listed, the numbers in parentheses indicate the number of resources of the given type used by the specific entity alone. The numbers listed outside of parentheses indicate the total resources of the given type used by the specific entity and all of its sub-entities in the hierarchy.


+------------------------------------------------------------------------------------------------------------------------------------------------------------------+
; Analysis & Synthesis RAM Summary                                                                                                                                 ;
+----------------------------------------------------------------+------+------+--------------+--------------+--------------+--------------+------+----------------+
; Name                                                           ; Type ; Mode ; Port A Depth ; Port A Width ; Port B Depth ; Port B Width ; Size ; MIF            ;
+----------------------------------------------------------------+------+------+--------------+--------------+--------------+--------------+------+----------------+
; altsyncram:Mux6_rtl_0|altsyncram_8fu:auto_generated|ALTSYNCRAM ; AUTO ; ROM  ; 256          ; 7            ; --           ; --           ; 1792 ; P9.P90.rtl.mif ;
+----------------------------------------------------------------+------+------+--------------+--------------+--------------+--------------+------+----------------+


+---------------------------------------------------------------------------------+
; Registers Removed During Synthesis                                              ;
+----------------------------------------+----------------------------------------+
; Register name                          ; Reason for Removal                     ;
+----------------------------------------+----------------------------------------+
; display[0]~reg0                        ; Lost fanout                            ;
; display[1]~reg0                        ; Lost fanout                            ;
; display[2]~reg0                        ; Lost fanout                            ;
; display[3]~reg0                        ; Lost fanout                            ;
; display[4]~reg0                        ; Lost fanout                            ;
; display[5]~reg0                        ; Lost fanout                            ;
; display[6]~reg0                        ; Lost fanout                            ;
; display[6]~24                          ; Merged with display[5]~20              ;
; display[5]~20                          ; Merged with display[4]~16              ;
; display[4]~16                          ; Merged with display[3]~12              ;
; display[3]~12                          ; Merged with display[2]~8               ;
; display[2]~8                           ; Merged with display[1]~4               ;
; display[1]~4                           ; Merged with display[0]~0               ;
; display[1]~7                           ; Merged with display[0]~3               ;
; display[2]~11                          ; Merged with display[0]~3               ;
; display[3]~15                          ; Merged with display[0]~3               ;
; display[4]~19                          ; Merged with display[0]~3               ;
; display[5]~23                          ; Merged with display[0]~3               ;
; display[6]~27                          ; Merged with display[0]~3               ;
; display[7]~reg0                        ; Stuck at VCC due to stuck port data_in ;
; Total Number of Removed Registers = 20 ;                                        ;
+----------------------------------------+----------------------------------------+


+------------------------------------------------------+
; General Register Statistics                          ;
+----------------------------------------------+-------+
; Statistic                                    ; Value ;
+----------------------------------------------+-------+
; Total registers                              ; 46    ;
; Number of registers using Synchronous Clear  ; 32    ;
; Number of registers using Synchronous Load   ; 0     ;
; Number of registers using Asynchronous Clear ; 5     ;
; Number of registers using Asynchronous Load  ; 0     ;
; Number of registers using Clock Enable       ; 0     ;
; Number of registers using Preset             ; 0     ;
+----------------------------------------------+-------+


+--------------------------------------------------+
; Inverted Register Statistics                     ;
+----------------------------------------+---------+
; Inverted Register                      ; Fan out ;
+----------------------------------------+---------+
; c[1]~reg0                              ; 3       ;
; c[2]~reg0                              ; 3       ;
; c[3]~reg0                              ; 3       ;
; Total number of inverted registers = 3 ;         ;
+----------------------------------------+---------+


+----------------------------------------------+
; Registers Packed Into Inferred Megafunctions ;
+---------------+--------------+---------------+
; Register Name ; Megafunction ; Type          ;
+---------------+--------------+---------------+
; display[0]~1  ; Mux6_rtl_0   ; ROM           ;
; display[1]~5  ; Mux6_rtl_0   ; ROM           ;
; display[2]~9  ; Mux6_rtl_0   ; ROM           ;
; display[3]~13 ; Mux6_rtl_0   ; ROM           ;
; display[4]~17 ; Mux6_rtl_0   ; ROM           ;
; display[5]~21 ; Mux6_rtl_0   ; ROM           ;
; display[6]~25 ; Mux6_rtl_0   ; ROM           ;
+---------------+--------------+---------------+


+----------------------------------------------------------------------------+
; Source assignments for altsyncram:Mux6_rtl_0|altsyncram_8fu:auto_generated ;
+---------------------------------+--------------------+------+--------------+
; Assignment                      ; Value              ; From ; To           ;
+---------------------------------+--------------------+------+--------------+
; OPTIMIZE_POWER_DURING_SYNTHESIS ; NORMAL_COMPILATION ; -    ; -            ;
+---------------------------------+--------------------+------+--------------+


+----------------------------------------------------------------------------+
; Parameter Settings for Inferred Entity Instance: altsyncram:Mux6_rtl_0     ;
+------------------------------------+----------------------+----------------+
; Parameter Name                     ; Value                ; Type           ;
+------------------------------------+----------------------+----------------+
; BYTE_SIZE_BLOCK                    ; 8                    ; Untyped        ;
; AUTO_CARRY_CHAINS                  ; ON                   ; AUTO_CARRY     ;
; IGNORE_CARRY_BUFFERS               ; OFF                  ; IGNORE_CARRY   ;
; AUTO_CASCADE_CHAINS                ; ON                   ; AUTO_CASCADE   ;
; IGNORE_CASCADE_BUFFERS             ; OFF                  ; IGNORE_CASCADE ;
; WIDTH_BYTEENA                      ; 1                    ; Untyped        ;
; OPERATION_MODE                     ; ROM                  ; Untyped        ;
; WIDTH_A                            ; 7                    ; Untyped        ;
; WIDTHAD_A                          ; 8                    ; Untyped        ;
; NUMWORDS_A                         ; 256                  ; Untyped        ;
; OUTDATA_REG_A                      ; UNREGISTERED         ; Untyped        ;
; ADDRESS_ACLR_A                     ; NONE                 ; Untyped        ;
; OUTDATA_ACLR_A                     ; NONE                 ; Untyped        ;
; WRCONTROL_ACLR_A                   ; NONE                 ; Untyped        ;
; INDATA_ACLR_A                      ; NONE                 ; Untyped        ;
; BYTEENA_ACLR_A                     ; NONE                 ; Untyped        ;
; WIDTH_B                            ; 1                    ; Untyped        ;
; WIDTHAD_B                          ; 1                    ; Untyped        ;
; NUMWORDS_B                         ; 1                    ; Untyped        ;
; INDATA_REG_B                       ; CLOCK1               ; Untyped        ;
; WRCONTROL_WRADDRESS_REG_B          ; CLOCK1               ; Untyped        ;
; RDCONTROL_REG_B                    ; CLOCK1               ; Untyped        ;
; ADDRESS_REG_B                      ; CLOCK1               ; Untyped        ;
; OUTDATA_REG_B                      ; UNREGISTERED         ; Untyped        ;
; BYTEENA_REG_B                      ; CLOCK1               ; Untyped        ;
; INDATA_ACLR_B                      ; NONE                 ; Untyped        ;
; WRCONTROL_ACLR_B                   ; NONE                 ; Untyped        ;
; ADDRESS_ACLR_B                     ; NONE                 ; Untyped        ;
; OUTDATA_ACLR_B                     ; NONE                 ; Untyped        ;
; RDCONTROL_ACLR_B                   ; NONE                 ; Untyped        ;
; BYTEENA_ACLR_B                     ; NONE                 ; Untyped        ;
; WIDTH_BYTEENA_A                    ; 1                    ; Untyped        ;
; WIDTH_BYTEENA_B                    ; 1                    ; Untyped        ;
; RAM_BLOCK_TYPE                     ; AUTO                 ; Untyped        ;
; BYTE_SIZE                          ; 8                    ; Untyped        ;
; READ_DURING_WRITE_MODE_MIXED_PORTS ; DONT_CARE            ; Untyped        ;
; READ_DURING_WRITE_MODE_PORT_A      ; NEW_DATA_NO_NBE_READ ; Untyped        ;
; READ_DURING_WRITE_MODE_PORT_B      ; NEW_DATA_NO_NBE_READ ; Untyped        ;
; INIT_FILE                          ; P9.P90.rtl.mif       ; Untyped        ;
; INIT_FILE_LAYOUT                   ; PORT_A               ; Untyped        ;
; MAXIMUM_DEPTH                      ; 0                    ; Untyped        ;
; CLOCK_ENABLE_INPUT_A               ; NORMAL               ; Untyped        ;
; CLOCK_ENABLE_INPUT_B               ; NORMAL               ; Untyped        ;
; CLOCK_ENABLE_OUTPUT_A              ; NORMAL               ; Untyped        ;
; CLOCK_ENABLE_OUTPUT_B              ; NORMAL               ; Untyped        ;
; CLOCK_ENABLE_CORE_A                ; USE_INPUT_CLKEN      ; Untyped        ;
; CLOCK_ENABLE_CORE_B                ; USE_INPUT_CLKEN      ; Untyped        ;
; ENABLE_ECC                         ; FALSE                ; Untyped        ;
; ECC_PIPELINE_STAGE_ENABLED         ; FALSE                ; Untyped        ;
; WIDTH_ECCSTATUS                    ; 3                    ; Untyped        ;
; DEVICE_FAMILY                      ; Cyclone IV E         ; Untyped        ;
; CBXI_PARAMETER                     ; altsyncram_8fu       ; Untyped        ;
+------------------------------------+----------------------+----------------+
Note: In order to hide this table in the UI and the text report file, please set the "Show Parameter Settings in Synthesis Report" option in "Analysis and Synthesis Settings -> More Settings" to "Off".


+-------------------------------------------------------------------+
; altsyncram Parameter Settings by Entity Instance                  ;
+-------------------------------------------+-----------------------+
; Name                                      ; Value                 ;
+-------------------------------------------+-----------------------+
; Number of entity instances                ; 1                     ;
; Entity Instance                           ; altsyncram:Mux6_rtl_0 ;
;     -- OPERATION_MODE                     ; ROM                   ;
;     -- WIDTH_A                            ; 7                     ;
;     -- NUMWORDS_A                         ; 256                   ;
;     -- OUTDATA_REG_A                      ; UNREGISTERED          ;
;     -- WIDTH_B                            ; 1                     ;
;     -- NUMWORDS_B                         ; 1                     ;
;     -- ADDRESS_REG_B                      ; CLOCK1                ;
;     -- OUTDATA_REG_B                      ; UNREGISTERED          ;
;     -- RAM_BLOCK_TYPE                     ; AUTO                  ;
;     -- READ_DURING_WRITE_MODE_MIXED_PORTS ; DONT_CARE             ;
+-------------------------------------------+-----------------------+


+-----------------------------------------------------+
; Post-Synthesis Netlist Statistics for Top Partition ;
+-----------------------+-----------------------------+
; Type                  ; Count                       ;
+-----------------------+-----------------------------+
; boundary_port         ; 22                          ;
; cycloneiii_ff         ; 46                          ;
;     CLR               ; 5                           ;
;     SCLR              ; 32                          ;
;     plain             ; 9                           ;
; cycloneiii_io_obuf    ; 12                          ;
; cycloneiii_lcell_comb ; 58                          ;
;     arith             ; 31                          ;
;         2 data inputs ; 31                          ;
;     normal            ; 27                          ;
;         0 data inputs ; 2                           ;
;         1 data inputs ; 6                           ;
;         3 data inputs ; 3                           ;
;         4 data inputs ; 16                          ;
; cycloneiii_ram_block  ; 7                           ;
;                       ;                             ;
; Max LUT depth         ; 4.10                        ;
; Average LUT depth     ; 2.44                        ;
+-----------------------+-----------------------------+


+-------------------------------+
; Elapsed Time Per Partition    ;
+----------------+--------------+
; Partition Name ; Elapsed Time ;
+----------------+--------------+
; Top            ; 00:00:00     ;
+----------------+--------------+


+-------------------------------+
; Analysis & Synthesis Messages ;
+-------------------------------+
Info: *******************************************************************
Info: Running Quartus Prime Analysis & Synthesis
    Info: Version 23.1std.0 Build 991 11/28/2023 SC Lite Edition
    Info: Processing started: Fri Jun  7 15:16:57 2024
Info: Command: quartus_map --read_settings_files=on --write_settings_files=off P9 -c P9
Warning (18236): Number of processors has not been specified which may cause overloading on shared machines.  Set the global assignment NUM_PARALLEL_PROCESSORS in your QSF to an appropriate value for best performance.
Info (20030): Parallel compilation is enabled and will use 4 of the 4 processors detected
Info (12021): Found 2 design units, including 1 entities, in source file p9.vhd
    Info (12022): Found design unit 1: P9-A_P9 File: C:/Users/erikm/OneDrive/Escritorio/DSD/P9/P9.vhd Line: 15
    Info (12023): Found entity 1: P9 File: C:/Users/erikm/OneDrive/Escritorio/DSD/P9/P9.vhd Line: 5
Info (12127): Elaborating entity "P9" for the top level hierarchy
Info (19000): Inferred 1 megafunctions from design logic
    Info (276031): Inferred altsyncram megafunction from the following design logic: "Mux6_rtl_0"
        Info (286033): Parameter OPERATION_MODE set to ROM
        Info (286033): Parameter WIDTH_A set to 7
        Info (286033): Parameter WIDTHAD_A set to 8
        Info (286033): Parameter NUMWORDS_A set to 256
        Info (286033): Parameter OUTDATA_REG_A set to UNREGISTERED
        Info (286033): Parameter RAM_BLOCK_TYPE set to AUTO
        Info (286033): Parameter INIT_FILE set to P9.P90.rtl.mif
Info (12130): Elaborated megafunction instantiation "altsyncram:Mux6_rtl_0"
Info (12133): Instantiated megafunction "altsyncram:Mux6_rtl_0" with the following parameter:
    Info (12134): Parameter "OPERATION_MODE" = "ROM"
    Info (12134): Parameter "WIDTH_A" = "7"
    Info (12134): Parameter "WIDTHAD_A" = "8"
    Info (12134): Parameter "NUMWORDS_A" = "256"
    Info (12134): Parameter "OUTDATA_REG_A" = "UNREGISTERED"
    Info (12134): Parameter "RAM_BLOCK_TYPE" = "AUTO"
    Info (12134): Parameter "INIT_FILE" = "P9.P90.rtl.mif"
Info (12021): Found 1 design units, including 1 entities, in source file db/altsyncram_8fu.tdf
    Info (12023): Found entity 1: altsyncram_8fu File: C:/Users/erikm/OneDrive/Escritorio/DSD/P9/db/altsyncram_8fu.tdf Line: 28
Warning (13034): The following nodes have both tri-state and non-tri-state drivers
    Warning (13035): Inserted always-enabled tri-state buffer between "c[0]" and its non-tri-state driver. File: C:/Users/erikm/OneDrive/Escritorio/DSD/P9/P9.vhd Line: 61
    Warning (13035): Inserted always-enabled tri-state buffer between "c[1]" and its non-tri-state driver. File: C:/Users/erikm/OneDrive/Escritorio/DSD/P9/P9.vhd Line: 61
    Warning (13035): Inserted always-enabled tri-state buffer between "c[2]" and its non-tri-state driver. File: C:/Users/erikm/OneDrive/Escritorio/DSD/P9/P9.vhd Line: 61
    Warning (13035): Inserted always-enabled tri-state buffer between "c[3]" and its non-tri-state driver. File: C:/Users/erikm/OneDrive/Escritorio/DSD/P9/P9.vhd Line: 61
    Warning (13035): Inserted always-enabled tri-state buffer between "display[0]" and its non-tri-state driver. File: C:/Users/erikm/OneDrive/Escritorio/DSD/P9/P9.vhd Line: 100
    Warning (13035): Inserted always-enabled tri-state buffer between "display[1]" and its non-tri-state driver. File: C:/Users/erikm/OneDrive/Escritorio/DSD/P9/P9.vhd Line: 100
    Warning (13035): Inserted always-enabled tri-state buffer between "display[2]" and its non-tri-state driver. File: C:/Users/erikm/OneDrive/Escritorio/DSD/P9/P9.vhd Line: 100
    Warning (13035): Inserted always-enabled tri-state buffer between "display[3]" and its non-tri-state driver. File: C:/Users/erikm/OneDrive/Escritorio/DSD/P9/P9.vhd Line: 100
    Warning (13035): Inserted always-enabled tri-state buffer between "display[4]" and its non-tri-state driver. File: C:/Users/erikm/OneDrive/Escritorio/DSD/P9/P9.vhd Line: 100
    Warning (13035): Inserted always-enabled tri-state buffer between "display[5]" and its non-tri-state driver. File: C:/Users/erikm/OneDrive/Escritorio/DSD/P9/P9.vhd Line: 100
    Warning (13035): Inserted always-enabled tri-state buffer between "display[6]" and its non-tri-state driver. File: C:/Users/erikm/OneDrive/Escritorio/DSD/P9/P9.vhd Line: 100
    Warning (13035): Inserted always-enabled tri-state buffer between "display[7]" and its non-tri-state driver. File: C:/Users/erikm/OneDrive/Escritorio/DSD/P9/P9.vhd Line: 100
Info (13060): One or more bidirectional pins are fed by always enabled tri-state buffers
    Info (13061): Fan-out of permanently enabled tri-state buffer feeding bidirectional pin "c[0]" is moved to its source File: C:/Users/erikm/OneDrive/Escritorio/DSD/P9/P9.vhd Line: 61
    Info (13061): Fan-out of permanently enabled tri-state buffer feeding bidirectional pin "c[1]" is moved to its source File: C:/Users/erikm/OneDrive/Escritorio/DSD/P9/P9.vhd Line: 61
    Info (13061): Fan-out of permanently enabled tri-state buffer feeding bidirectional pin "c[2]" is moved to its source File: C:/Users/erikm/OneDrive/Escritorio/DSD/P9/P9.vhd Line: 61
    Info (13061): Fan-out of permanently enabled tri-state buffer feeding bidirectional pin "c[3]" is moved to its source File: C:/Users/erikm/OneDrive/Escritorio/DSD/P9/P9.vhd Line: 61
    Info (13061): Fan-out of permanently enabled tri-state buffer feeding bidirectional pin "display[0]" is moved to its source File: C:/Users/erikm/OneDrive/Escritorio/DSD/P9/P9.vhd Line: 100
    Info (13061): Fan-out of permanently enabled tri-state buffer feeding bidirectional pin "display[1]" is moved to its source File: C:/Users/erikm/OneDrive/Escritorio/DSD/P9/P9.vhd Line: 100
    Info (13061): Fan-out of permanently enabled tri-state buffer feeding bidirectional pin "display[2]" is moved to its source File: C:/Users/erikm/OneDrive/Escritorio/DSD/P9/P9.vhd Line: 100
    Info (13061): Fan-out of permanently enabled tri-state buffer feeding bidirectional pin "display[3]" is moved to its source File: C:/Users/erikm/OneDrive/Escritorio/DSD/P9/P9.vhd Line: 100
    Info (13061): Fan-out of permanently enabled tri-state buffer feeding bidirectional pin "display[4]" is moved to its source File: C:/Users/erikm/OneDrive/Escritorio/DSD/P9/P9.vhd Line: 100
    Info (13061): Fan-out of permanently enabled tri-state buffer feeding bidirectional pin "display[5]" is moved to its source File: C:/Users/erikm/OneDrive/Escritorio/DSD/P9/P9.vhd Line: 100
    Info (13061): Fan-out of permanently enabled tri-state buffer feeding bidirectional pin "display[6]" is moved to its source File: C:/Users/erikm/OneDrive/Escritorio/DSD/P9/P9.vhd Line: 100
    Info (13061): Fan-out of permanently enabled tri-state buffer feeding bidirectional pin "display[7]" is moved to its source File: C:/Users/erikm/OneDrive/Escritorio/DSD/P9/P9.vhd Line: 100
Info (13000): Registers with preset signals will power-up high File: C:/Users/erikm/OneDrive/Escritorio/DSD/P9/P9.vhd Line: 61
Info (13003): DEV_CLRn pin will set, and not reset, register with preset signal due to NOT Gate Push-Back
Warning (13009): TRI or OPNDRN buffers permanently enabled
    Warning (13010): Node "c[0]~synth" File: C:/Users/erikm/OneDrive/Escritorio/DSD/P9/P9.vhd Line: 61
    Warning (13010): Node "c[1]~synth" File: C:/Users/erikm/OneDrive/Escritorio/DSD/P9/P9.vhd Line: 61
    Warning (13010): Node "c[2]~synth" File: C:/Users/erikm/OneDrive/Escritorio/DSD/P9/P9.vhd Line: 61
    Warning (13010): Node "c[3]~synth" File: C:/Users/erikm/OneDrive/Escritorio/DSD/P9/P9.vhd Line: 61
    Warning (13010): Node "display[0]~synth" File: C:/Users/erikm/OneDrive/Escritorio/DSD/P9/P9.vhd Line: 100
    Warning (13010): Node "display[1]~synth" File: C:/Users/erikm/OneDrive/Escritorio/DSD/P9/P9.vhd Line: 100
    Warning (13010): Node "display[2]~synth" File: C:/Users/erikm/OneDrive/Escritorio/DSD/P9/P9.vhd Line: 100
    Warning (13010): Node "display[3]~synth" File: C:/Users/erikm/OneDrive/Escritorio/DSD/P9/P9.vhd Line: 100
    Warning (13010): Node "display[4]~synth" File: C:/Users/erikm/OneDrive/Escritorio/DSD/P9/P9.vhd Line: 100
    Warning (13010): Node "display[5]~synth" File: C:/Users/erikm/OneDrive/Escritorio/DSD/P9/P9.vhd Line: 100
    Warning (13010): Node "display[6]~synth" File: C:/Users/erikm/OneDrive/Escritorio/DSD/P9/P9.vhd Line: 100
    Warning (13010): Node "display[7]~synth" File: C:/Users/erikm/OneDrive/Escritorio/DSD/P9/P9.vhd Line: 100
Warning (13024): Output pins are stuck at VCC or GND
    Warning (13410): Pin "disSel[0]" is stuck at GND File: C:/Users/erikm/OneDrive/Escritorio/DSD/P9/P9.vhd Line: 11
    Warning (13410): Pin "disSel[1]" is stuck at VCC File: C:/Users/erikm/OneDrive/Escritorio/DSD/P9/P9.vhd Line: 11
    Warning (13410): Pin "disSel[2]" is stuck at VCC File: C:/Users/erikm/OneDrive/Escritorio/DSD/P9/P9.vhd Line: 11
    Warning (13410): Pin "disSel[3]" is stuck at VCC File: C:/Users/erikm/OneDrive/Escritorio/DSD/P9/P9.vhd Line: 11
Info (286030): Timing-Driven Synthesis is running
Info (17049): 7 registers lost all their fanouts during netlist optimizations.
Info (16010): Generating hard_block partition "hard_block:auto_generated_inst"
    Info (16011): Adding 0 node(s), including 0 DDIO, 0 PLL, 0 transceiver and 0 LCELL
Info (21057): Implemented 95 device resources after synthesis - the final resource count might be different
    Info (21058): Implemented 6 input pins
    Info (21059): Implemented 4 output pins
    Info (21060): Implemented 12 bidirectional pins
    Info (21061): Implemented 66 logic cells
    Info (21064): Implemented 7 RAM segments
Info: Quartus Prime Analysis & Synthesis was successful. 0 errors, 32 warnings
    Info: Peak virtual memory: 4835 megabytes
    Info: Processing ended: Fri Jun  7 15:17:07 2024
    Info: Elapsed time: 00:00:10
    Info: Total CPU time (on all processors): 00:00:23


