Analysis & Synthesis report for P5
Fri Apr 19 15:51:30 2024
Quartus Prime Version 23.1std.0 Build 991 11/28/2023 SC Lite Edition


---------------------
; Table of Contents ;
---------------------
  1. Legal Notice
  2. Analysis & Synthesis Summary
  3. Analysis & Synthesis Settings
  4. Parallel Compilation
  5. Analysis & Synthesis Source Files Read
  6. Analysis & Synthesis Resource Usage Summary
  7. Analysis & Synthesis Resource Utilization by Entity
  8. Registers Removed During Synthesis
  9. General Register Statistics
 10. Inverted Register Statistics
 11. Multiplexer Restructuring Statistics (Restructuring Performed)
 12. Post-Synthesis Netlist Statistics for Top Partition
 13. Elapsed Time Per Partition
 14. Analysis & Synthesis Messages



----------------
; Legal Notice ;
----------------
Copyright (C) 2023  Intel Corporation. All rights reserved.
Your use of Intel Corporation's design tools, logic functions 
and other software and tools, and any partner logic 
functions, and any output files from any of the foregoing 
(including device programming or simulation files), and any 
associated documentation or information are expressly subject 
to the terms and conditions of the Intel Program License 
Subscription Agreement, the Intel Quartus Prime License Agreement,
the Intel FPGA IP License Agreement, or other applicable license
agreement, including, without limitation, that your use is for
the sole purpose of programming logic devices manufactured by
Intel and sold by Intel or its authorized distributors.  Please
refer to the applicable agreement for further details, at
https://fpgasoftware.intel.com/eula.



+-------------------------------------------------------------------------------------+
; Analysis & Synthesis Summary                                                        ;
+------------------------------------+------------------------------------------------+
; Analysis & Synthesis Status        ; Successful - Fri Apr 19 15:51:30 2024          ;
; Quartus Prime Version              ; 23.1std.0 Build 991 11/28/2023 SC Lite Edition ;
; Revision Name                      ; P5                                             ;
; Top-level Entity Name              ; p5                                             ;
; Family                             ; Cyclone IV E                                   ;
; Total logic elements               ; 137                                            ;
;     Total combinational functions  ; 137                                            ;
;     Dedicated logic registers      ; 34                                             ;
; Total registers                    ; 34                                             ;
; Total pins                         ; 30                                             ;
; Total virtual pins                 ; 0                                              ;
; Total memory bits                  ; 0                                              ;
; Embedded Multiplier 9-bit elements ; 0                                              ;
; Total PLLs                         ; 0                                              ;
+------------------------------------+------------------------------------------------+


+------------------------------------------------------------------------------------------------------------+
; Analysis & Synthesis Settings                                                                              ;
+------------------------------------------------------------------+--------------------+--------------------+
; Option                                                           ; Setting            ; Default Value      ;
+------------------------------------------------------------------+--------------------+--------------------+
; Device                                                           ; EP4CE6E22C8        ;                    ;
; Top-level entity name                                            ; P5                 ; P5                 ;
; Family name                                                      ; Cyclone IV E       ; Cyclone V          ;
; Use smart compilation                                            ; Off                ; Off                ;
; Enable parallel Assembler and Timing Analyzer during compilation ; On                 ; On                 ;
; Enable compact report table                                      ; Off                ; Off                ;
; Restructure Multiplexers                                         ; Auto               ; Auto               ;
; Create Debugging Nodes for IP Cores                              ; Off                ; Off                ;
; Preserve fewer node names                                        ; On                 ; On                 ;
; Intel FPGA IP Evaluation Mode                                    ; Enable             ; Enable             ;
; Verilog Version                                                  ; Verilog_2001       ; Verilog_2001       ;
; VHDL Version                                                     ; VHDL_1993          ; VHDL_1993          ;
; State Machine Processing                                         ; Auto               ; Auto               ;
; Safe State Machine                                               ; Off                ; Off                ;
; Extract Verilog State Machines                                   ; On                 ; On                 ;
; Extract VHDL State Machines                                      ; On                 ; On                 ;
; Ignore Verilog initial constructs                                ; Off                ; Off                ;
; Iteration limit for constant Verilog loops                       ; 5000               ; 5000               ;
; Iteration limit for non-constant Verilog loops                   ; 250                ; 250                ;
; Add Pass-Through Logic to Inferred RAMs                          ; On                 ; On                 ;
; Infer RAMs from Raw Logic                                        ; On                 ; On                 ;
; Parallel Synthesis                                               ; On                 ; On                 ;
; DSP Block Balancing                                              ; Auto               ; Auto               ;
; NOT Gate Push-Back                                               ; On                 ; On                 ;
; Power-Up Don't Care                                              ; On                 ; On                 ;
; Remove Redundant Logic Cells                                     ; Off                ; Off                ;
; Remove Duplicate Registers                                       ; On                 ; On                 ;
; Ignore CARRY Buffers                                             ; Off                ; Off                ;
; Ignore CASCADE Buffers                                           ; Off                ; Off                ;
; Ignore GLOBAL Buffers                                            ; Off                ; Off                ;
; Ignore ROW GLOBAL Buffers                                        ; Off                ; Off                ;
; Ignore LCELL Buffers                                             ; Off                ; Off                ;
; Ignore SOFT Buffers                                              ; On                 ; On                 ;
; Limit AHDL Integers to 32 Bits                                   ; Off                ; Off                ;
; Optimization Technique                                           ; Balanced           ; Balanced           ;
; Carry Chain Length                                               ; 70                 ; 70                 ;
; Auto Carry Chains                                                ; On                 ; On                 ;
; Auto Open-Drain Pins                                             ; On                 ; On                 ;
; Perform WYSIWYG Primitive Resynthesis                            ; Off                ; Off                ;
; Auto ROM Replacement                                             ; On                 ; On                 ;
; Auto RAM Replacement                                             ; On                 ; On                 ;
; Auto DSP Block Replacement                                       ; On                 ; On                 ;
; Auto Shift Register Replacement                                  ; Auto               ; Auto               ;
; Allow Shift Register Merging across Hierarchies                  ; Auto               ; Auto               ;
; Auto Clock Enable Replacement                                    ; On                 ; On                 ;
; Strict RAM Replacement                                           ; Off                ; Off                ;
; Allow Synchronous Control Signals                                ; On                 ; On                 ;
; Force Use of Synchronous Clear Signals                           ; Off                ; Off                ;
; Auto RAM Block Balancing                                         ; On                 ; On                 ;
; Auto RAM to Logic Cell Conversion                                ; Off                ; Off                ;
; Auto Resource Sharing                                            ; Off                ; Off                ;
; Allow Any RAM Size For Recognition                               ; Off                ; Off                ;
; Allow Any ROM Size For Recognition                               ; Off                ; Off                ;
; Allow Any Shift Register Size For Recognition                    ; Off                ; Off                ;
; Use LogicLock Constraints during Resource Balancing              ; On                 ; On                 ;
; Ignore translate_off and synthesis_off directives                ; Off                ; Off                ;
; Timing-Driven Synthesis                                          ; On                 ; On                 ;
; Report Parameter Settings                                        ; On                 ; On                 ;
; Report Source Assignments                                        ; On                 ; On                 ;
; Report Connectivity Checks                                       ; On                 ; On                 ;
; Ignore Maximum Fan-Out Assignments                               ; Off                ; Off                ;
; Synchronization Register Chain Length                            ; 2                  ; 2                  ;
; Power Optimization During Synthesis                              ; Normal compilation ; Normal compilation ;
; HDL message level                                                ; Level2             ; Level2             ;
; Suppress Register Optimization Related Messages                  ; Off                ; Off                ;
; Number of Removed Registers Reported in Synthesis Report         ; 5000               ; 5000               ;
; Number of Swept Nodes Reported in Synthesis Report               ; 5000               ; 5000               ;
; Number of Inverted Registers Reported in Synthesis Report        ; 100                ; 100                ;
; Clock MUX Protection                                             ; On                 ; On                 ;
; Auto Gated Clock Conversion                                      ; Off                ; Off                ;
; Block Design Naming                                              ; Auto               ; Auto               ;
; SDC constraint protection                                        ; Off                ; Off                ;
; Synthesis Effort                                                 ; Auto               ; Auto               ;
; Shift Register Replacement - Allow Asynchronous Clear Signal     ; On                 ; On                 ;
; Pre-Mapping Resynthesis Optimization                             ; Off                ; Off                ;
; Analysis & Synthesis Message Level                               ; Medium             ; Medium             ;
; Disable Register Merging Across Hierarchies                      ; Auto               ; Auto               ;
; Resource Aware Inference For Block RAM                           ; On                 ; On                 ;
+------------------------------------------------------------------+--------------------+--------------------+


+------------------------------------------+
; Parallel Compilation                     ;
+----------------------------+-------------+
; Processors                 ; Number      ;
+----------------------------+-------------+
; Number detected on machine ; 8           ;
; Maximum allowed            ; 4           ;
;                            ;             ;
; Average used               ; 1.00        ;
; Maximum used               ; 4           ;
;                            ;             ;
; Usage by Processor         ; % Time Used ;
;     Processor 1            ; 100.0%      ;
;     Processors 2-4         ;   0.0%      ;
+----------------------------+-------------+


+-----------------------------------------------------------------------------------------------------------------------------------+
; Analysis & Synthesis Source Files Read                                                                                            ;
+----------------------------------+-----------------+-----------------+--------------------------------------------------+---------+
; File Name with User-Entered Path ; Used in Netlist ; File Type       ; File Name with Absolute Path                     ; Library ;
+----------------------------------+-----------------+-----------------+--------------------------------------------------+---------+
; P5.vhd                           ; yes             ; User VHDL File  ; C:/Users/erikm/OneDrive/Escritorio/DSD/P5/P5.vhd ;         ;
+----------------------------------+-----------------+-----------------+--------------------------------------------------+---------+


+---------------------------------------------------------+
; Analysis & Synthesis Resource Usage Summary             ;
+---------------------------------------------+-----------+
; Resource                                    ; Usage     ;
+---------------------------------------------+-----------+
; Estimated Total logic elements              ; 137       ;
;                                             ;           ;
; Total combinational functions               ; 137       ;
; Logic element usage by number of LUT inputs ;           ;
;     -- 4 input functions                    ; 94        ;
;     -- 3 input functions                    ; 10        ;
;     -- <=2 input functions                  ; 33        ;
;                                             ;           ;
; Logic elements by mode                      ;           ;
;     -- normal mode                          ; 112       ;
;     -- arithmetic mode                      ; 25        ;
;                                             ;           ;
; Total registers                             ; 34        ;
;     -- Dedicated logic registers            ; 34        ;
;     -- I/O registers                        ; 0         ;
;                                             ;           ;
; I/O pins                                    ; 30        ;
;                                             ;           ;
; Embedded Multiplier 9-bit elements          ; 0         ;
;                                             ;           ;
; Maximum fan-out node                        ; clk~input ;
; Maximum fan-out                             ; 27        ;
; Total fan-out                               ; 618       ;
; Average fan-out                             ; 2.54      ;
+---------------------------------------------+-----------+


+----------------------------------------------------------------------------------------------------------------------------------------------------------------------------------------------------------+
; Analysis & Synthesis Resource Utilization by Entity                                                                                                                                                      ;
+----------------------------+---------------------+---------------------------+-------------+--------------+---------+-----------+------+--------------+---------------------+-------------+--------------+
; Compilation Hierarchy Node ; Combinational ALUTs ; Dedicated Logic Registers ; Memory Bits ; DSP Elements ; DSP 9x9 ; DSP 18x18 ; Pins ; Virtual Pins ; Full Hierarchy Name ; Entity Name ; Library Name ;
+----------------------------+---------------------+---------------------------+-------------+--------------+---------+-----------+------+--------------+---------------------+-------------+--------------+
; |p5                        ; 137 (137)           ; 34 (34)                   ; 0           ; 0            ; 0       ; 0         ; 30   ; 0            ; |p5                 ; p5          ; work         ;
+----------------------------+---------------------+---------------------------+-------------+--------------+---------+-----------+------+--------------+---------------------+-------------+--------------+
Note: For table entries with two numbers listed, the numbers in parentheses indicate the number of resources of the given type used by the specific entity alone. The numbers listed outside of parentheses indicate the total resources of the given type used by the specific entity and all of its sub-entities in the hierarchy.


+--------------------------------------------------------------------------------+
; Registers Removed During Synthesis                                             ;
+---------------------------------------+----------------------------------------+
; Register name                         ; Reason for Removal                     ;
+---------------------------------------+----------------------------------------+
; display[0]~reg0                       ; Stuck at GND due to stuck port data_in ;
; display[1]~reg0                       ; Stuck at VCC due to stuck port data_in ;
; display[2]~reg0                       ; Stuck at VCC due to stuck port data_in ;
; display[3]~reg0                       ; Stuck at VCC due to stuck port data_in ;
; display[11]~reg0                      ; Stuck at VCC due to stuck port data_in ;
; Total Number of Removed Registers = 5 ;                                        ;
+---------------------------------------+----------------------------------------+


+------------------------------------------------------+
; General Register Statistics                          ;
+----------------------------------------------+-------+
; Statistic                                    ; Value ;
+----------------------------------------------+-------+
; Total registers                              ; 34    ;
; Number of registers using Synchronous Clear  ; 0     ;
; Number of registers using Synchronous Load   ; 0     ;
; Number of registers using Asynchronous Clear ; 7     ;
; Number of registers using Asynchronous Load  ; 0     ;
; Number of registers using Clock Enable       ; 19    ;
; Number of registers using Preset             ; 0     ;
+----------------------------------------------+-------+


+--------------------------------------------------+
; Inverted Register Statistics                     ;
+----------------------------------------+---------+
; Inverted Register                      ; Fan out ;
+----------------------------------------+---------+
; display[10]~reg0                       ; 9       ;
; Total number of inverted registers = 1 ;         ;
+----------------------------------------+---------+


+------------------------------------------------------------------------------------------------------------------------------------------+
; Multiplexer Restructuring Statistics (Restructuring Performed)                                                                           ;
+--------------------+-----------+---------------+----------------------+------------------------+------------+----------------------------+
; Multiplexer Inputs ; Bus Width ; Baseline Area ; Area if Restructured ; Saving if Restructured ; Registered ; Example Multiplexer Output ;
+--------------------+-----------+---------------+----------------------+------------------------+------------+----------------------------+
; 4:1                ; 6 bits    ; 12 LEs        ; 12 LEs               ; 0 LEs                  ; Yes        ; |p5|display[4]~reg0        ;
; 3:1                ; 26 bits   ; 52 LEs        ; 26 LEs               ; 26 LEs                 ; Yes        ; |p5|count[5]               ;
; 6:1                ; 3 bits    ; 12 LEs        ; 9 LEs                ; 3 LEs                  ; No         ; |p5|entrada[1]             ;
+--------------------+-----------+---------------+----------------------+------------------------+------------+----------------------------+


+-----------------------------------------------------+
; Post-Synthesis Netlist Statistics for Top Partition ;
+-----------------------+-----------------------------+
; Type                  ; Count                       ;
+-----------------------+-----------------------------+
; boundary_port         ; 30                          ;
; cycloneiii_ff         ; 34                          ;
;     CLR               ; 7                           ;
;     ENA               ; 19                          ;
;     plain             ; 8                           ;
; cycloneiii_io_obuf    ; 12                          ;
; cycloneiii_lcell_comb ; 140                         ;
;     arith             ; 25                          ;
;         2 data inputs ; 25                          ;
;     normal            ; 115                         ;
;         1 data inputs ; 4                           ;
;         2 data inputs ; 7                           ;
;         3 data inputs ; 10                          ;
;         4 data inputs ; 94                          ;
;                       ;                             ;
; Max LUT depth         ; 8.00                        ;
; Average LUT depth     ; 5.32                        ;
+-----------------------+-----------------------------+


+-------------------------------+
; Elapsed Time Per Partition    ;
+----------------+--------------+
; Partition Name ; Elapsed Time ;
+----------------+--------------+
; Top            ; 00:00:01     ;
+----------------+--------------+


+-------------------------------+
; Analysis & Synthesis Messages ;
+-------------------------------+
Info: *******************************************************************
Info: Running Quartus Prime Analysis & Synthesis
    Info: Version 23.1std.0 Build 991 11/28/2023 SC Lite Edition
    Info: Processing started: Fri Apr 19 15:51:13 2024
Info: Command: quartus_map --read_settings_files=on --write_settings_files=off P5 -c P5
Warning (18236): Number of processors has not been specified which may cause overloading on shared machines.  Set the global assignment NUM_PARALLEL_PROCESSORS in your QSF to an appropriate value for best performance.
Info (20030): Parallel compilation is enabled and will use 4 of the 4 processors detected
Info (12021): Found 2 design units, including 1 entities, in source file p5.vhd
    Info (12022): Found design unit 1: p5-a_p5 File: C:/Users/erikm/OneDrive/Escritorio/DSD/P5/P5.vhd Line: 15
    Info (12023): Found entity 1: p5 File: C:/Users/erikm/OneDrive/Escritorio/DSD/P5/P5.vhd Line: 5
Info (12127): Elaborating entity "P5" for the top level hierarchy
Warning (13034): The following nodes have both tri-state and non-tri-state drivers
    Warning (13035): Inserted always-enabled tri-state buffer between "display[0]" and its non-tri-state driver. File: C:/Users/erikm/OneDrive/Escritorio/DSD/P5/P5.vhd Line: 68
    Warning (13035): Inserted always-enabled tri-state buffer between "display[1]" and its non-tri-state driver. File: C:/Users/erikm/OneDrive/Escritorio/DSD/P5/P5.vhd Line: 68
    Warning (13035): Inserted always-enabled tri-state buffer between "display[2]" and its non-tri-state driver. File: C:/Users/erikm/OneDrive/Escritorio/DSD/P5/P5.vhd Line: 68
    Warning (13035): Inserted always-enabled tri-state buffer between "display[3]" and its non-tri-state driver. File: C:/Users/erikm/OneDrive/Escritorio/DSD/P5/P5.vhd Line: 68
    Warning (13035): Inserted always-enabled tri-state buffer between "display[4]" and its non-tri-state driver. File: C:/Users/erikm/OneDrive/Escritorio/DSD/P5/P5.vhd Line: 68
    Warning (13035): Inserted always-enabled tri-state buffer between "display[5]" and its non-tri-state driver. File: C:/Users/erikm/OneDrive/Escritorio/DSD/P5/P5.vhd Line: 68
    Warning (13035): Inserted always-enabled tri-state buffer between "display[6]" and its non-tri-state driver. File: C:/Users/erikm/OneDrive/Escritorio/DSD/P5/P5.vhd Line: 68
    Warning (13035): Inserted always-enabled tri-state buffer between "display[7]" and its non-tri-state driver. File: C:/Users/erikm/OneDrive/Escritorio/DSD/P5/P5.vhd Line: 68
    Warning (13035): Inserted always-enabled tri-state buffer between "display[8]" and its non-tri-state driver. File: C:/Users/erikm/OneDrive/Escritorio/DSD/P5/P5.vhd Line: 68
    Warning (13035): Inserted always-enabled tri-state buffer between "display[9]" and its non-tri-state driver. File: C:/Users/erikm/OneDrive/Escritorio/DSD/P5/P5.vhd Line: 68
    Warning (13035): Inserted always-enabled tri-state buffer between "display[10]" and its non-tri-state driver. File: C:/Users/erikm/OneDrive/Escritorio/DSD/P5/P5.vhd Line: 68
    Warning (13035): Inserted always-enabled tri-state buffer between "display[11]" and its non-tri-state driver. File: C:/Users/erikm/OneDrive/Escritorio/DSD/P5/P5.vhd Line: 68
Info (13060): One or more bidirectional pins are fed by always enabled tri-state buffers
    Info (13061): Fan-out of permanently enabled tri-state buffer feeding bidirectional pin "display[0]" is moved to its source File: C:/Users/erikm/OneDrive/Escritorio/DSD/P5/P5.vhd Line: 68
    Info (13061): Fan-out of permanently enabled tri-state buffer feeding bidirectional pin "display[1]" is moved to its source File: C:/Users/erikm/OneDrive/Escritorio/DSD/P5/P5.vhd Line: 68
    Info (13061): Fan-out of permanently enabled tri-state buffer feeding bidirectional pin "display[2]" is moved to its source File: C:/Users/erikm/OneDrive/Escritorio/DSD/P5/P5.vhd Line: 68
    Info (13061): Fan-out of permanently enabled tri-state buffer feeding bidirectional pin "display[3]" is moved to its source File: C:/Users/erikm/OneDrive/Escritorio/DSD/P5/P5.vhd Line: 68
    Info (13061): Fan-out of permanently enabled tri-state buffer feeding bidirectional pin "display[4]" is moved to its source File: C:/Users/erikm/OneDrive/Escritorio/DSD/P5/P5.vhd Line: 68
    Info (13061): Fan-out of permanently enabled tri-state buffer feeding bidirectional pin "display[5]" is moved to its source File: C:/Users/erikm/OneDrive/Escritorio/DSD/P5/P5.vhd Line: 68
    Info (13061): Fan-out of permanently enabled tri-state buffer feeding bidirectional pin "display[6]" is moved to its source File: C:/Users/erikm/OneDrive/Escritorio/DSD/P5/P5.vhd Line: 68
    Info (13061): Fan-out of permanently enabled tri-state buffer feeding bidirectional pin "display[7]" is moved to its source File: C:/Users/erikm/OneDrive/Escritorio/DSD/P5/P5.vhd Line: 68
    Info (13061): Fan-out of permanently enabled tri-state buffer feeding bidirectional pin "display[8]" is moved to its source File: C:/Users/erikm/OneDrive/Escritorio/DSD/P5/P5.vhd Line: 68
    Info (13061): Fan-out of permanently enabled tri-state buffer feeding bidirectional pin "display[9]" is moved to its source File: C:/Users/erikm/OneDrive/Escritorio/DSD/P5/P5.vhd Line: 68
    Info (13061): Fan-out of permanently enabled tri-state buffer feeding bidirectional pin "display[10]" is moved to its source File: C:/Users/erikm/OneDrive/Escritorio/DSD/P5/P5.vhd Line: 68
    Info (13061): Fan-out of permanently enabled tri-state buffer feeding bidirectional pin "display[11]" is moved to its source File: C:/Users/erikm/OneDrive/Escritorio/DSD/P5/P5.vhd Line: 68
Info (13000): Registers with preset signals will power-up high File: C:/Users/erikm/OneDrive/Escritorio/DSD/P5/P5.vhd Line: 68
Info (13003): DEV_CLRn pin will set, and not reset, register with preset signal due to NOT Gate Push-Back
Warning (13009): TRI or OPNDRN buffers permanently enabled
    Warning (13010): Node "display[0]~synth" File: C:/Users/erikm/OneDrive/Escritorio/DSD/P5/P5.vhd Line: 68
    Warning (13010): Node "display[1]~synth" File: C:/Users/erikm/OneDrive/Escritorio/DSD/P5/P5.vhd Line: 68
    Warning (13010): Node "display[2]~synth" File: C:/Users/erikm/OneDrive/Escritorio/DSD/P5/P5.vhd Line: 68
    Warning (13010): Node "display[3]~synth" File: C:/Users/erikm/OneDrive/Escritorio/DSD/P5/P5.vhd Line: 68
    Warning (13010): Node "display[4]~synth" File: C:/Users/erikm/OneDrive/Escritorio/DSD/P5/P5.vhd Line: 68
    Warning (13010): Node "display[5]~synth" File: C:/Users/erikm/OneDrive/Escritorio/DSD/P5/P5.vhd Line: 68
    Warning (13010): Node "display[6]~synth" File: C:/Users/erikm/OneDrive/Escritorio/DSD/P5/P5.vhd Line: 68
    Warning (13010): Node "display[7]~synth" File: C:/Users/erikm/OneDrive/Escritorio/DSD/P5/P5.vhd Line: 68
    Warning (13010): Node "display[8]~synth" File: C:/Users/erikm/OneDrive/Escritorio/DSD/P5/P5.vhd Line: 68
    Warning (13010): Node "display[9]~synth" File: C:/Users/erikm/OneDrive/Escritorio/DSD/P5/P5.vhd Line: 68
    Warning (13010): Node "display[10]~synth" File: C:/Users/erikm/OneDrive/Escritorio/DSD/P5/P5.vhd Line: 68
    Warning (13010): Node "display[11]~synth" File: C:/Users/erikm/OneDrive/Escritorio/DSD/P5/P5.vhd Line: 68
Info (286030): Timing-Driven Synthesis is running
Info (16010): Generating hard_block partition "hard_block:auto_generated_inst"
    Info (16011): Adding 0 node(s), including 0 DDIO, 0 PLL, 0 transceiver and 0 LCELL
Warning (21074): Design contains 1 input pin(s) that do not drive logic
    Warning (15610): No output dependent on input pin "prioridad[0]" File: C:/Users/erikm/OneDrive/Escritorio/DSD/P5/P5.vhd Line: 9
Info (21057): Implemented 167 device resources after synthesis - the final resource count might be different
    Info (21058): Implemented 14 input pins
    Info (21059): Implemented 4 output pins
    Info (21060): Implemented 12 bidirectional pins
    Info (21061): Implemented 137 logic cells
Info: Quartus Prime Analysis & Synthesis was successful. 0 errors, 29 warnings
    Info: Peak virtual memory: 4801 megabytes
    Info: Processing ended: Fri Apr 19 15:51:30 2024
    Info: Elapsed time: 00:00:17
    Info: Total CPU time (on all processors): 00:00:37


